<?xml version="1.0" encoding="UTF-8"?>
<!-- Generated by org.testng.reporters.JUnitReportReporter -->
<testsuite hostname="Faruq" failures="0" tests="3" name="com.facebook.locators.DoubleXpath" time="0.929" errors="0" timestamp="2023-09-10T14:01:07 EDT" skipped="0">
  <testcase classname="com.facebook.locators.DoubleXpath" name="andCondition" time="0.053"/>
  <system-out/>
  <testcase classname="com.facebook.locators.DoubleXpath" name="doublexPathTest" time="0.826"/>
  <system-out/>
  <testcase classname="com.facebook.locators.DoubleXpath" name="orCondition" time="0.050"/>
  <system-out/>
</testsuite> <!-- com.facebook.locators.DoubleXpath -->
