<?xml version="1.0" encoding="UTF-8"?>
<!-- Generated by org.testng.reporters.JUnitReportReporter -->
<testsuite hostname="Faruq" failures="0" tests="1" name="com.facebook.locators.RegularXpath" time="0.185" errors="0" timestamp="2023-09-10T13:33:21 EDT" skipped="0">
  <testcase classname="com.facebook.locators.RegularXpath" name="loginTest" time="0.185"/>
  <system-out/>
</testsuite> <!-- com.facebook.locators.RegularXpath -->
