<?xml version="1.0" encoding="UTF-8"?>
<!-- Generated by org.testng.reporters.JUnitReportReporter -->
<testsuite hostname="Faruq" failures="0" tests="4" name="com.facebook.locators.DirectLocators" time="1.448" errors="0" timestamp="2023-09-10T11:30:39 EDT" skipped="0">
  <testcase classname="com.facebook.locators.DirectLocators" name="idLocatorsTest" time="0.052"/>
  <system-out/>
  <testcase classname="com.facebook.locators.DirectLocators" name="partioalLinkTextLocatorsTest" time="0.686"/>
  <system-out/>
  <testcase classname="com.facebook.locators.DirectLocators" name="linkTextLocatorsTest" time="0.587"/>
  <system-out/>
  <testcase classname="com.facebook.locators.DirectLocators" name="nameLocatorsTest" time="0.123"/>
  <system-out/>
</testsuite> <!-- com.facebook.locators.DirectLocators -->
