<?xml version="1.0" encoding="UTF-8"?>
<!-- Generated by org.testng.reporters.JUnitReportReporter -->
<testsuite hostname="Faruq" failures="0" tests="1" name="com.facebook.locators.RegularCSS" time="2.413" errors="0" timestamp="2023-09-24T11:15:05 EDT" skipped="0">
  <testcase classname="com.facebook.locators.RegularCSS" name="loginTest" time="2.413"/>
  <system-out/>
</testsuite> <!-- com.facebook.locators.RegularCSS -->
