<?xml version="1.0" encoding="UTF-8"?>
<!-- Generated by org.testng.reporters.JUnitReportReporter -->
<testsuite hostname="Faruq" failures="0" tests="1" name="com.facebook.findElements.Elements" time="2.287" errors="0" timestamp="2023-09-23T13:07:03 EDT" skipped="0">
  <testcase classname="com.facebook.findElements.Elements" name="listOfElements" time="2.287"/>
  <system-out/>
</testsuite> <!-- com.facebook.findElements.Elements -->
