<?xml version="1.0" encoding="UTF-8"?>
<!-- Generated by org.testng.reporters.JUnitReportReporter -->
<testsuite hostname="Faruq" failures="0" tests="1" name="com.facebook.baseLoginTest.InValidLoginTest" time="2.440" errors="0" timestamp="2023-10-01T11:55:03 EDT" skipped="0">
  <testcase classname="com.facebook.baseLoginTest.InValidLoginTest" name="validLoginTest" time="2.440"/>
  <system-out/>
</testsuite> <!-- com.facebook.baseLoginTest.InValidLoginTest -->
