<?xml version="1.0" encoding="UTF-8"?>
<!-- Generated by org.testng.reporters.JUnitReportReporter -->
<testsuite hostname="Faruq" failures="0" tests="3" name="com.facebookTest.FacebookTest" time="7.600" errors="0" timestamp="2023-09-09T12:44:03 EDT" skipped="0">
  <testcase classname="com.facebookTest.FacebookTest" name="testOne" time="0.001"/>
  <system-out/>
  <testcase classname="com.facebookTest.FacebookTest" name="openEdgeBrowser" time="5.492"/>
  <system-out/>
  <testcase classname="com.facebookTest.FacebookTest" name="openChromeBrowser" time="2.107"/>
  <system-out/>
</testsuite> <!-- com.facebookTest.FacebookTest -->
