<?xml version="1.0" encoding="UTF-8"?>
<!-- Generated by org.testng.reporters.JUnitReportReporter -->
<testsuite hostname="Faruq" failures="0" tests="3" name="com.facebook.pom_PageFactory.LoginTestWithPageFactory" time="5.891" errors="0" timestamp="2023-09-30T12:37:28 EDT" skipped="0">
  <testcase classname="com.facebook.pom_PageFactory.LoginTestWithPageFactory" name="boundaryLoginTest" time="1.658"/>
  <system-out/>
  <testcase classname="com.facebook.pom_PageFactory.LoginTestWithPageFactory" name="inValidLoginTest" time="2.495"/>
  <system-out/>
  <testcase classname="com.facebook.pom_PageFactory.LoginTestWithPageFactory" name="validLoginTest" time="1.738"/>
  <system-out/>
</testsuite> <!-- com.facebook.pom_PageFactory.LoginTestWithPageFactory -->
