<?xml version="1.0" encoding="UTF-8"?>
<!-- Generated by org.testng.reporters.JUnitReportReporter -->
<testsuite hostname="Faruq" failures="0" tests="1" name="com.facebook.locators.XpathIndexing" time="3.133" errors="0" timestamp="2023-09-23T12:11:58 EDT" skipped="0">
  <testcase classname="com.facebook.locators.XpathIndexing" name="indexingMechanism" time="3.133"/>
  <system-out/>
</testsuite> <!-- com.facebook.locators.XpathIndexing -->
