<?xml version="1.0" encoding="UTF-8"?>
<!-- Generated by org.testng.reporters.JUnitReportReporter -->
<testsuite hostname="Faruq" failures="0" tests="2" name="com.facebook.pageObjecModel_LoginTests.LoginTest" time="4.277" errors="0" timestamp="2023-09-24T13:08:03 EDT" skipped="0">
  <testcase classname="com.facebook.pageObjecModel_LoginTests.LoginTest" name="validLoginTest" time="1.815"/>
  <system-out/>
  <testcase classname="com.facebook.pageObjecModel_LoginTests.LoginTest" name="invalidLoginTest" time="2.462"/>
  <system-out/>
</testsuite> <!-- com.facebook.pageObjecModel_LoginTests.LoginTest -->
