<?xml version="1.0" encoding="UTF-8"?>
<!-- Generated by org.testng.reporters.JUnitReportReporter -->
<testsuite hostname="Faruq" failures="0" tests="1" name="com.facebook.pageFactory.LoginTestName" time="2.450" errors="0" timestamp="2023-09-30T11:18:31 EDT" skipped="0">
  <testcase classname="com.facebook.pageFactory.LoginTestName" name="boundaryLoginTest" time="2.450"/>
  <system-out/>
</testsuite> <!-- com.facebook.pageFactory.LoginTestName -->
