<?xml version="1.0" encoding="UTF-8"?>
<!-- Generated by org.testng.reporters.JUnitReportReporter -->
<testsuite hostname="Faruq" failures="0" tests="3" name="com.facebook.locators.XpathFunction" time="6.187" errors="0" timestamp="2023-09-23T11:46:57 EDT" skipped="0">
  <testcase classname="com.facebook.locators.XpathFunction" name="linkText" time="2.158"/>
  <system-out/>
  <testcase classname="com.facebook.locators.XpathFunction" name="listText" time="1.742"/>
  <system-out/>
  <testcase classname="com.facebook.locators.XpathFunction" name="getText" time="2.287"/>
  <system-out/>
</testsuite> <!-- com.facebook.locators.XpathFunction -->
