<?xml version="1.0" encoding="UTF-8"?>
<!-- Generated by org.testng.reporters.JUnitReportReporter -->
<testsuite hostname="Faruq" failures="0" tests="3" name="com.facebook.locators.DynamicLocators" time="6.841" errors="0" timestamp="2023-09-23T10:53:18 EDT" skipped="0">
  <testcase classname="com.facebook.locators.DynamicLocators" name="dynamicXpath" time="1.848"/>
  <system-out/>
  <testcase classname="com.facebook.locators.DynamicLocators" name="dynamicXpath" time="2.956"/>
  <system-out/>
  <testcase classname="com.facebook.locators.DynamicLocators" name="dynamicXpath" time="2.037"/>
  <system-out/>
</testsuite> <!-- com.facebook.locators.DynamicLocators -->
