<?xml version="1.0" encoding="UTF-8"?>
<!-- Generated by org.testng.reporters.JUnitReportReporter -->
<testsuite hostname="Faruq" failures="0" tests="1" name="com.facebook.locators.RegularCSS" time="2.548" errors="0" timestamp="2023-09-23T13:57:39 EDT" skipped="0">
  <testcase classname="com.facebook.locators.RegularCSS" name="loginTest" time="2.548"/>
  <system-out/>
</testsuite> <!-- com.facebook.locators.RegularCSS -->
