<?xml version="1.0" encoding="UTF-8"?>
<!-- Generated by org.testng.reporters.JUnitReportReporter -->
<testsuite hostname="Faruq" failures="0" tests="1" name="com.facebook.pageFactory.LoginTest" time="2.341" errors="0" timestamp="2023-09-30T11:11:57 EDT" skipped="0">
  <testcase classname="com.facebook.pageFactory.LoginTest" name="boundaryLoginTest" time="2.341"/>
  <system-out/>
</testsuite> <!-- com.facebook.pageFactory.LoginTest -->
