<?xml version="1.0" encoding="UTF-8"?>
<!-- Generated by org.testng.reporters.JUnitReportReporter -->
<testsuite hostname="Faruq" failures="0" tests="1" name="com.facebook.baseLoginTest.LoginTest" time="4.545" errors="0" timestamp="2023-10-01T13:47:02 EDT" skipped="0">
  <testcase classname="com.facebook.baseLoginTest.LoginTest" name="validLoginTest" time="4.545"/>
  <system-out/>
</testsuite> <!-- com.facebook.baseLoginTest.LoginTest -->
