<?xml version="1.0" encoding="UTF-8"?>
<!-- Generated by org.testng.reporters.JUnitReportReporter -->
<testsuite hostname="Faruq" failures="0" tests="1" name="com.facebook.base.ClientTest" time="2.914" errors="0" timestamp="2023-10-01T10:58:45 EDT" skipped="0">
  <testcase classname="com.facebook.base.ClientTest" name="validLoginTest" time="2.914"/>
  <system-out/>
</testsuite> <!-- com.facebook.base.ClientTest -->
