<?xml version="1.0" encoding="UTF-8"?>
<!-- Generated by org.testng.reporters.JUnitReportReporter -->
<testsuite hostname="Faruq" failures="0" tests="2" name="com.facebook.base.screenShot.ScreenShot" time="0.409" errors="0" timestamp="2023-10-15T13:20:43 EDT" skipped="0">
  <testcase classname="com.facebook.base.screenShot.ScreenShot" name="idLocatorsTestOne" time="0.186"/>
  <system-out/>
  <testcase classname="com.facebook.base.screenShot.ScreenShot" name="idLocatorsTest" time="0.223"/>
  <system-out/>
</testsuite> <!-- com.facebook.base.screenShot.ScreenShot -->
